<?xml version="1.0" encoding="UTF-8"?>
<testng-results ignored="0" total="1" passed="1" failed="0" skipped="0">
  <reporter-output>
  </reporter-output>
  <suite started-at="2022-12-02T18:35:30 IST" name="Default suite" finished-at="2022-12-02T18:35:39 IST" duration-ms="9009">
    <groups>
    </groups>
    <test started-at="2022-12-02T18:35:30 IST" name="Default test" finished-at="2022-12-02T18:35:39 IST" duration-ms="9009">
      <class name="com.testCases.TC_LoginTest">
        <test-method is-config="true" signature="initTest()[pri:0, instance:com.testCases.TC_LoginTest@6404f418]" started-at="2022-12-02T18:35:30 IST" name="initTest" finished-at="2022-12-02T18:35:37 IST" duration-ms="6874" status="PASS">
          <reporter-output>
          </reporter-output>
        </test-method> <!-- initTest -->
        <test-method signature="loginTest()[pri:0, instance:com.testCases.TC_LoginTest@6404f418]" started-at="2022-12-02T18:35:37 IST" name="loginTest" finished-at="2022-12-02T18:35:39 IST" duration-ms="1219" status="PASS">
          <reporter-output>
          </reporter-output>
        </test-method> <!-- loginTest -->
        <test-method is-config="true" signature="quitDriver()[pri:0, instance:com.testCases.TC_LoginTest@6404f418]" started-at="2022-12-02T18:35:39 IST" name="quitDriver" finished-at="2022-12-02T18:35:39 IST" duration-ms="538" status="PASS">
          <reporter-output>
          </reporter-output>
        </test-method> <!-- quitDriver -->
        <test-method is-config="true" signature="afterTestMethod()[pri:0, instance:com.testCases.TC_LoginTest@6404f418]" started-at="2022-12-02T18:35:39 IST" name="afterTestMethod" finished-at="2022-12-02T18:35:39 IST" duration-ms="332" status="PASS">
          <reporter-output>
          </reporter-output>
        </test-method> <!-- afterTestMethod -->
      </class> <!-- com.testCases.TC_LoginTest -->
    </test> <!-- Default test -->
  </suite> <!-- Default suite -->
</testng-results>
