<?xml version="1.0" encoding="UTF-8"?>
<!-- Generated by org.testng.reporters.JUnitXMLReporter -->
<testsuite ignored="0" hostname="USE2DEVP00174" failures="2" tests="2" name="Verify Login Functionality" time="5.967" errors="0" timestamp="2022-12-02T13:33:02 IST">
  <testcase classname="com.testCases.TC_LoginTest" name="loginTest" time="0.009">
    <failure type="java.lang.IllegalArgumentException" message="testName cannot be null or empty">
      <![CDATA[java.lang.IllegalArgumentException: testName cannot be null or empty
at com.aventstack.extentreports.ExtentTest.<init>(ExtentTest.java:89)
at com.aventstack.extentreports.ExtentTest.<init>(ExtentTest.java:108)
at com.aventstack.extentreports.ExtentReports.createTest(ExtentReports.java:245)
at com.aventstack.extentreports.ExtentReports.createTest(ExtentReports.java:261)
at com.utilities.ExtentListeners.onTestStart(ExtentListeners.java:44)
at java.base/java.util.ArrayList.forEach(ArrayList.java:1511)
... Removed 24 stack frames]]>
    </failure>
  </testcase> <!-- loginTest -->
  <testcase classname="com.testCases.TC_LoginTest" name="loginTest" time="0.025">
    <failure type="java.lang.NullPointerException" message="Cannot invoke &amp;quot;com.aventstack.extentreports.ExtentTest.fail(String)&amp;quot; because the return value of &amp;quot;java.lang.ThreadLocal.get()&amp;quot; is null">
      <![CDATA[java.lang.NullPointerException: Cannot invoke "com.aventstack.extentreports.ExtentTest.fail(String)" because the return value of "java.lang.ThreadLocal.get()" is null
at com.utilities.ExtentListeners.onTestFailure(ExtentListeners.java:68)
at java.base/java.util.ArrayList.forEach(ArrayList.java:1511)
... Removed 24 stack frames]]>
    </failure>
  </testcase> <!-- loginTest -->
</testsuite> <!-- Verify Login Functionality -->
